<?xml version="1.0" encoding="UTF-8"?>
<testng-results skipped="0" failed="0" ignored="0" total="1" passed="1">
  <reporter-output>
  </reporter-output>
  <suite name="Default suite" duration-ms="47412" started-at="2021-08-24T07:44:37Z" finished-at="2021-08-24T07:45:24Z">
    <groups>
    </groups>
    <test name="Default test" duration-ms="47412" started-at="2021-08-24T07:44:37Z" finished-at="2021-08-24T07:45:24Z">
      <class name="com.wordpress.TestCases.TC002_MyProfilePage">
        <test-method status="PASS" signature="setup()[pri:0, instance:com.wordpress.TestCases.TC002_MyProfilePage@578486a3]" name="setup" is-config="true" duration-ms="6359" started-at="2021-08-24T07:44:37Z" finished-at="2021-08-24T07:44:43Z">
          <reporter-output>
          </reporter-output>
        </test-method> <!-- setup -->
        <test-method status="PASS" signature="setMyProfile(java.lang.String, java.lang.String, java.lang.String, java.lang.String, java.lang.String, java.lang.String, java.lang.String)[pri:0, instance:com.wordpress.TestCases.TC002_MyProfilePage@578486a3]" name="setMyProfile" duration-ms="38205" started-at="2021-08-24T07:44:45Z" data-provider="Customer_Data" finished-at="2021-08-24T07:45:23Z">
          <params>
            <param index="0">
              <value>
                <![CDATA[ John]]>
              </value>
            </param>
            <param index="1">
              <value>
                <![CDATA[Doe]]>
              </value>
            </param>
            <param index="2">
              <value>
                <![CDATA[JohnDoeTest]]>
              </value>
            </param>
            <param index="3">
              <value>
                <![CDATA[Lorem Ipsum is simply dummy text of the printing and typesetting industry. Lorem Ipsum has been the industry's standard dummy text ever since the 1500s, when an unknown printer took a galley of type and scrambled it to make a type specimen book. It has survived not only five centuries, but also the leap into electronic typesetting, remaining essentially unchanged. ]]>
              </value>
            </param>
            <param index="4">
              <value>
                <![CDATA[No]]>
              </value>
            </param>
            <param index="5">
              <value>
                <![CDATA[Yes]]>
              </value>
            </param>
            <param index="6">
              <value>
                <![CDATA[C:\Users\Allwyn\eclipse-workspace\WordpressV1\Files\fanart.jpg]]>
              </value>
            </param>
          </params>
          <reporter-output>
          </reporter-output>
        </test-method> <!-- setMyProfile -->
        <test-method status="PASS" signature="captureFailureScreenshot(org.testng.ITestResult)[pri:0, instance:com.wordpress.TestCases.TC002_MyProfilePage@578486a3]" name="captureFailureScreenshot" is-config="true" duration-ms="2" started-at="2021-08-24T07:45:23Z" finished-at="2021-08-24T07:45:23Z">
          <params>
            <param index="0">
              <value>
                <![CDATA[[TestResult name=setMyProfile status=SUCCESS method=TC002_MyProfilePage.setMyProfile(java.lang.String, java.lang.String, java.lang.String, java.lang.String, java.lang.String, java.lang.String, java.lang.String)[pri:0, instance:com.wordpress.TestCases.TC002_MyProfilePage@578486a3] output={null}]]]>
              </value>
            </param>
          </params>
          <reporter-output>
          </reporter-output>
        </test-method> <!-- captureFailureScreenshot -->
        <test-method status="PASS" signature="teardown()[pri:0, instance:com.wordpress.TestCases.TC002_MyProfilePage@578486a3]" name="teardown" is-config="true" duration-ms="829" started-at="2021-08-24T07:45:23Z" finished-at="2021-08-24T07:45:24Z">
          <reporter-output>
          </reporter-output>
        </test-method> <!-- teardown -->
      </class> <!-- com.wordpress.TestCases.TC002_MyProfilePage -->
    </test> <!-- Default test -->
  </suite> <!-- Default suite -->
</testng-results>
